# JRE version: Java(TM) SE Runtime Environment (8.0_221-b11) (build 1.8.0_221-b11)
# Java VM: Java HotSpot(TM) 64-Bit Server VM (25.221-b11 mixed mode windows-amd64 compressed oops)
Heap:
 PSYoungGen      total 175616K, used 98506K [0x00000000d5f80000, 0x00000000e4180000, 0x0000000100000000)
  eden space 160768K, 61% used [0x00000000d5f80000,0x00000000dbfb2bb8,0x00000000dfc80000)
  from space 14848K, 0% used [0x00000000e0a80000,0x00000000e0a80000,0x00000000e1900000)
  to   space 14336K, 0% used [0x00000000dfc80000,0x00000000dfc80000,0x00000000e0a80000)
 ParOldGen       total 60416K, used 23236K [0x0000000081e00000, 0x0000000085900000, 0x00000000d5f80000)
  object space 60416K, 38% used [0x0000000081e00000,0x00000000834b13d0,0x0000000085900000)
 Metaspace       used 43077K, capacity 44586K, committed 45016K, reserved 1087488K
  class space    used 5735K, capacity 6026K, committed 6144K, reserved 1048576K
GC Heap History (10 events):
Event: 6.312 GC heap before
{Heap before GC invocations=4 (full 1):
 PSYoungGen      total 71680K, used 5118K [0x00000000d5f80000, 0x00000000deb80000, 0x0000000100000000)
  eden space 66560K, 0% used [0x00000000d5f80000,0x00000000d5f80000,0x00000000da080000)
  from space 5120K, 99% used [0x00000000da080000,0x00000000da57fb60,0x00000000da580000)
  to   space 5120K, 0% used [0x00000000de680000,0x00000000de680000,0x00000000deb80000)
 ParOldGen       total 87552K, used 5270K [0x0000000081e00000, 0x0000000087380000, 0x00000000d5f80000)
  object space 87552K, 6% used [0x0000000081e00000,0x00000000823258c8,0x0000000087380000)
 Metaspace       used 20696K, capacity 21160K, committed 21248K, reserved 1067008K
  class space    used 2662K, capacity 2807K, committed 2816K, reserved 1048576K
Event: 6.375 GC heap after
Heap after GC invocations=4 (full 1):
 PSYoungGen      total 71680K, used 0K [0x00000000d5f80000, 0x00000000deb80000, 0x0000000100000000)
  eden space 66560K, 0% used [0x00000000d5f80000,0x00000000d5f80000,0x00000000da080000)
  from space 5120K, 0% used [0x00000000da080000,0x00000000da080000,0x00000000da580000)
  to   space 5120K, 0% used [0x00000000de680000,0x00000000de680000,0x00000000deb80000)
 ParOldGen       total 60416K, used 9351K [0x0000000081e00000, 0x0000000085900000, 0x00000000d5f80000)
  object space 60416K, 15% used [0x0000000081e00000,0x0000000082721e48,0x0000000085900000)
 Metaspace       used 20696K, capacity 21160K, committed 21248K, reserved 1067008K
  class space    used 2662K, capacity 2807K, committed 2816K, reserved 1048576K
}
Event: 9.162 GC heap before
{Heap before GC invocations=5 (full 1):
 PSYoungGen      total 71680K, used 66560K [0x00000000d5f80000, 0x00000000deb80000, 0x0000000100000000)
  eden space 66560K, 100% used [0x00000000d5f80000,0x00000000da080000,0x00000000da080000)
  from space 5120K, 0% used [0x00000000da080000,0x00000000da080000,0x00000000da580000)
  to   space 5120K, 0% used [0x00000000de680000,0x00000000de680000,0x00000000deb80000)
 ParOldGen       total 60416K, used 9351K [0x0000000081e00000, 0x0000000085900000, 0x00000000d5f80000)
  object space 60416K, 15% used [0x0000000081e00000,0x0000000082721e48,0x0000000085900000)
 Metaspace       used 24276K, capacity 24926K, committed 25088K, reserved 1071104K
  class space    used 3126K, capacity 3306K, committed 3328K, reserved 1048576K
Event: 9.170 GC heap after
Heap after GC invocations=5 (full 1):
 PSYoungGen      total 109568K, used 5115K [0x00000000d5f80000, 0x00000000deb80000, 0x0000000100000000)
  eden space 104448K, 0% used [0x00000000d5f80000,0x00000000d5f80000,0x00000000dc580000)
  from space 5120K, 99% used [0x00000000de680000,0x00000000deb7ed70,0x00000000deb80000)
  to   space 5120K, 0% used [0x00000000de180000,0x00000000de180000,0x00000000de680000)
 ParOldGen       total 60416K, used 12129K [0x0000000081e00000, 0x0000000085900000, 0x00000000d5f80000)
  object space 60416K, 20% used [0x0000000081e00000,0x00000000829d8580,0x0000000085900000)
 Metaspace       used 24276K, capacity 24926K, committed 25088K, reserved 1071104K
  class space    used 3126K, capacity 3306K, committed 3328K, reserved 1048576K
}
Event: 13.339 GC heap before
{Heap before GC invocations=6 (full 1):
 PSYoungGen      total 109568K, used 109563K [0x00000000d5f80000, 0x00000000deb80000, 0x0000000100000000)
  eden space 104448K, 100% used [0x00000000d5f80000,0x00000000dc580000,0x00000000dc580000)
  from space 5120K, 99% used [0x00000000de680000,0x00000000deb7ed70,0x00000000deb80000)
  to   space 5120K, 0% used [0x00000000de180000,0x00000000de180000,0x00000000de680000)
 ParOldGen       total 60416K, used 12129K [0x0000000081e00000, 0x0000000085900000, 0x00000000d5f80000)
  object space 60416K, 20% used [0x0000000081e00000,0x00000000829d8580,0x0000000085900000)
 Metaspace       used 31208K, capacity 32612K, committed 32768K, reserved 1077248K
  class space    used 4047K, capacity 4321K, committed 4352K, reserved 1048576K
Event: 13.365 GC heap after
Heap after GC invocations=6 (full 1):
 PSYoungGen      total 138240K, used 5097K [0x00000000d5f80000, 0x00000000e1900000, 0x0000000100000000)
  eden space 133120K, 0% used [0x00000000d5f80000,0x00000000d5f80000,0x00000000de180000)
  from space 5120K, 99% used [0x00000000de180000,0x00000000de67a4e0,0x00000000de680000)
  to   space 14848K, 0% used [0x00000000e0a80000,0x00000000e0a80000,0x00000000e1900000)
 ParOldGen       total 60416K, used 21857K [0x0000000081e00000, 0x0000000085900000, 0x00000000d5f80000)
  object space 60416K, 36% used [0x0000000081e00000,0x0000000083358720,0x0000000085900000)
 Metaspace       used 31208K, capacity 32612K, committed 32768K, reserved 1077248K
  class space    used 4047K, capacity 4321K, committed 4352K, reserved 1048576K
}
Event: 15.237 GC heap before
{Heap before GC invocations=7 (full 1):
 PSYoungGen      total 138240K, used 80116K [0x00000000d5f80000, 0x00000000e1900000, 0x0000000100000000)
  eden space 133120K, 56% used [0x00000000d5f80000,0x00000000da8c2e30,0x00000000de180000)
  from space 5120K, 99% used [0x00000000de180000,0x00000000de67a4e0,0x00000000de680000)
  to   space 14848K, 0% used [0x00000000e0a80000,0x00000000e0a80000,0x00000000e1900000)
 ParOldGen       total 60416K, used 21857K [0x0000000081e00000, 0x0000000085900000, 0x00000000d5f80000)
  object space 60416K, 36% used [0x0000000081e00000,0x0000000083358720,0x0000000085900000)
 Metaspace       used 33826K, capacity 35274K, committed 35416K, reserved 1079296K
  class space    used 4368K, capacity 4640K, committed 4736K, reserved 1048576K
Event: 15.256 GC heap after
Heap after GC invocations=7 (full 1):
 PSYoungGen      total 175616K, used 8959K [0x00000000d5f80000, 0x00000000e4180000, 0x0000000100000000)
  eden space 160768K, 0% used [0x00000000d5f80000,0x00000000d5f80000,0x00000000dfc80000)
  from space 14848K, 60% used [0x00000000e0a80000,0x00000000e133fec8,0x00000000e1900000)
  to   space 14336K, 0% used [0x00000000dfc80000,0x00000000dfc80000,0x00000000e0a80000)
 ParOldGen       total 60416K, used 21865K [0x0000000081e00000, 0x0000000085900000, 0x00000000d5f80000)
  object space 60416K, 36% used [0x0000000081e00000,0x000000008335a720,0x0000000085900000)
 Metaspace       used 33826K, capacity 35274K, committed 35416K, reserved 1079296K
  class space    used 4368K, capacity 4640K, committed 4736K, reserved 1048576K
}
Event: 15.256 GC heap before
{Heap before GC invocations=8 (full 2):
 PSYoungGen      total 175616K, used 8959K [0x00000000d5f80000, 0x00000000e4180000, 0x0000000100000000)
  eden space 160768K, 0% used [0x00000000d5f80000,0x00000000d5f80000,0x00000000dfc80000)
  from space 14848K, 60% used [0x00000000e0a80000,0x00000000e133fec8,0x00000000e1900000)
  to   space 14336K, 0% used [0x00000000dfc80000,0x00000000dfc80000,0x00000000e0a80000)
 ParOldGen       total 60416K, used 21865K [0x0000000081e00000, 0x0000000085900000, 0x00000000d5f80000)
  object space 60416K, 36% used [0x0000000081e00000,0x000000008335a720,0x0000000085900000)
 Metaspace       used 33826K, capacity 35274K, committed 35416K, reserved 1079296K
  class space    used 4368K, capacity 4640K, committed 4736K, reserved 1048576K
Event: 15.418 GC heap after
Heap after GC invocations=8 (full 2):
 PSYoungGen      total 175616K, used 0K [0x00000000d5f80000, 0x00000000e4180000, 0x0000000100000000)
  eden space 160768K, 0% used [0x00000000d5f80000,0x00000000d5f80000,0x00000000dfc80000)
  from space 14848K, 0% used [0x00000000e0a80000,0x00000000e0a80000,0x00000000e1900000)
  to   space 14336K, 0% used [0x00000000dfc80000,0x00000000dfc80000,0x00000000e0a80000)
 ParOldGen       total 60416K, used 23236K [0x0000000081e00000, 0x0000000085900000, 0x00000000d5f80000)
  object space 60416K, 38% used [0x0000000081e00000,0x00000000834b13d0,0x0000000085900000)
 Metaspace       used 33826K, capacity 35274K, committed 35416K, reserved 1079296K
  class space    used 4368K, capacity 4640K, committed 4736K, reserved 1048576K
}

